<?xml version="1.0" encoding="UTF-8"?>
<testsuite name="tests.Issuefinder" tests="1" skipped="0" failures="0" errors="0" timestamp="2021-07-22T13:51:25" hostname="DESKTOP-GT02KO6" time="4.432">
  <properties/>
  <testcase name="searchissue()" classname="tests.Issuefinder" time="4.432"/>
  <system-out><![CDATA[]]></system-out>
  <system-err><![CDATA[]]></system-err>
</testsuite>
