<?xml version="1.0" encoding="UTF-8"?>
<testsuite name="tests.AnnotatedSteps" tests="1" skipped="0" failures="0" errors="0" timestamp="2021-07-22T13:50:52" hostname="DESKTOP-GT02KO6" time="32.655">
  <properties/>
  <testcase name="testIssueSearch()" classname="tests.AnnotatedSteps" time="32.655"/>
  <system-out><![CDATA[]]></system-out>
  <system-err><![CDATA[Starting ChromeDriver 91.0.4472.101 (af52a90bf87030dd1523486a1cd3ae25c5d76c9b-refs/branch-heads/4472@{#1462}) on port 35425
Only local connections are allowed.
Please see https://chromedriver.chromium.org/security-considerations for suggestions on keeping ChromeDriver safe.
ChromeDriver was started successfully.
июл. 22, 2021 4:50:57 PM org.openqa.selenium.remote.ProtocolHandshake createSession
INFO: Detected dialect: W3C
]]></system-err>
</testsuite>
