<?xml version="1.0" encoding="UTF-8"?>
<testsuite name="tests.Issuefindersteps" tests="1" skipped="0" failures="0" errors="0" timestamp="2021-07-22T13:51:29" hostname="DESKTOP-GT02KO6" time="4.352">
  <properties/>
  <testcase name="searchissuesteps()" classname="tests.Issuefindersteps" time="4.352"/>
  <system-out><![CDATA[]]></system-out>
  <system-err><![CDATA[]]></system-err>
</testsuite>
